2024-01-12 11:12:55,835 P18444 INFO {
    "batch_size": "500",
    "data_block_size": "-1",
    "data_format": "csv",
    "data_root": "../../dataset/",
    "dataset_id": "DrugBank",
    "debug": "False",
    "debug_mode": "False",
    "early_stop_patience": "3",
    "embedding_dim": "7",
    "epochs": "100",
    "eval_steps": "None",
    "every_x_epochs": "1",
    "feature_cols": "[{'name': 'Drug_ID', 'active': False, 'dtype': 'str', 'type': 'categorical'}, {'name': 'Protein_ID', 'active': False, 'dtype': 'str', 'type': 'categorical'}, {'name': 'Drug_SMILES', 'active': True, 'dtype': 'str', 'type': 'categorical'}, {'name': 'Amino_acid_sequence', 'active': True, 'dtype': 'str', 'type': 'categorical'}]",
    "feature_config": "None",
    "feature_specs": "None",
    "gpu": "0",
    "group_id": "None",
    "hidden_activations": "relu",
    "hidden_units": "[5, 5, 5]",
    "label_col": "{'name': 'interaction', 'dtype': 'float'}",
    "learning_rate": "0.001",
    "loss": "binary_crossentropy",
    "metrics": "['logloss', 'AUC']",
    "min_categr_count": "2",
    "model": "DNN",
    "model_id": "dnn_DrugBank",
    "model_root": "./checkpoints/",
    "monitor": "{'AUC': 1, 'logloss': -1}",
    "monitor_mode": "max",
    "net_dropout": "0.4",
    "num_workers": "3",
    "optimizer": "adam",
    "patience": "3",
    "pickle_feature_encoder": "True",
    "save_best_only": "True",
    "seed": "2023",
    "shuffle": "True",
    "task": "binary_classification",
    "test_data": "./dataset/DTIs/DrugBank/test_data.csv",
    "train_data": "./dataset/DTIs/DrugBank/train_data.csv",
    "use_features": "None",
    "use_hdf5": "True",
    "valid_data": "./dataset/DTIs/DrugBank/validation_data.csv",
    "verbose": "1",
    "version": "pytorch",
    "workers": "12"
}
2024-01-12 11:12:55,837 P18444 INFO Set up feature encoder...
2024-01-12 11:12:55,837 P18444 INFO Load feature_map from json: ../../dataset/DrugBank\feature_map.json
2024-01-12 11:12:55,837 P18444 INFO Loading data...
2024-01-12 11:12:55,838 P18444 INFO Loading data from h5: ../../dataset/DrugBank\train.h5
2024-01-12 11:12:55,839 P18444 INFO Loading data from h5: ../../dataset/DrugBank\valid.h5
2024-01-12 11:12:55,840 P18444 INFO Train samples: total/22414, pos/11210, neg/11204, ratio/50.01%, blocks/1
2024-01-12 11:12:55,840 P18444 INFO Validation samples: total/5547, pos/2782, neg/2765, ratio/50.15%, blocks/1
2024-01-12 11:12:55,840 P18444 INFO Loading train data done.
2024-01-12 11:12:55,842 P18444 INFO Total number of parameters: 63239.
2024-01-12 11:12:55,842 P18444 INFO Start training: 45 batches/epoch
2024-01-12 11:12:55,842 P18444 INFO ************ Epoch=1 start ************
2024-01-12 11:13:13,845 P18444 INFO [Metrics] logloss: 0.691112 - AUC: 0.723670
2024-01-12 11:13:13,845 P18444 INFO Save best model: monitor(max): 0.032558
2024-01-12 11:13:13,846 P18444 INFO --- 45/45 batches finished ---
2024-01-12 11:13:14,216 P18444 INFO Train loss: 0.692619
2024-01-12 11:13:14,216 P18444 INFO ************ Epoch=1 end ************
