2024-01-17 09:38:06,818 P18488 INFO {
    "batch_size": "50",
    "data_block_size": "-1",
    "data_format": "csv",
    "data_root": "../../dataset/",
    "dataset_id": "DrugBank",
    "debug": "False",
    "debug_mode": "False",
    "early_stop_patience": "3",
    "embedding_dim": "8",
    "epochs": "100",
    "eval_steps": "None",
    "every_x_epochs": "1",
    "feature_cols": "[{'name': 'Drug_ID', 'active': True, 'dtype': 'str', 'type': 'categorical'}, {'name': 'Protein_ID', 'active': True, 'dtype': 'str', 'type': 'categorical'}, {'name': 'Drug_SMILES', 'active': True, 'dtype': 'str', 'type': 'categorical'}, {'name': 'Amino_acid_sequence', 'active': True, 'dtype': 'str', 'type': 'categorical'}]",
    "feature_config": "None",
    "feature_specs": "None",
    "gpu": "0",
    "group_id": "None",
    "hidden_activations": "relu",
    "hidden_units": "[5, 5, 5]",
    "label_col": "{'name': 'interaction', 'dtype': 'float'}",
    "learning_rate": "0.001",
    "loss": "binary_crossentropy",
    "metrics": "['logloss', 'AUC']",
    "min_categr_count": "2",
    "model": "FiBiNET",
    "model_id": "fibinet_DrugBank",
    "model_root": "./checkpoints/",
    "monitor": "{'AUC': 1, 'logloss': -1}",
    "monitor_mode": "max",
    "net_dropout": "0.2",
    "num_workers": "3",
    "optimizer": "adamax",
    "patience": "3",
    "pickle_feature_encoder": "True",
    "save_best_only": "True",
    "seed": "2023",
    "shuffle": "True",
    "task": "binary_classification",
    "test_data": "./dataset/DTIs/DrugBank/test_data.csv",
    "train_data": "./dataset/DTIs/DrugBank/train_data.csv",
    "use_features": "None",
    "use_hdf5": "True",
    "valid_data": "./dataset/DTIs/DrugBank/validation_data.csv",
    "verbose": "1",
    "version": "pytorch",
    "workers": "12"
}
2024-01-17 09:38:06,820 P18488 INFO Set up feature encoder...
2024-01-17 09:38:06,820 P18488 INFO Load feature_map from json: ../../dataset/DrugBank\feature_map.json
2024-01-17 09:38:06,820 P18488 INFO Loading data...
2024-01-17 09:38:06,821 P18488 INFO Loading data from h5: ../../dataset/DrugBank\train.h5
2024-01-17 09:38:06,823 P18488 INFO Loading data from h5: ../../dataset/DrugBank\valid.h5
2024-01-17 09:38:06,823 P18488 INFO Train samples: total/22414, pos/11210, neg/11204, ratio/50.01%, blocks/1
2024-01-17 09:38:06,823 P18488 INFO Validation samples: total/5547, pos/2782, neg/2765, ratio/50.15%, blocks/1
2024-01-17 09:38:06,823 P18488 INFO Loading train data done.
2024-01-17 09:38:06,827 P18488 INFO Total number of parameters: 163523.
2024-01-17 09:38:06,827 P18488 INFO Start training: 449 batches/epoch
2024-01-17 09:38:06,827 P18488 INFO ************ Epoch=1 start ************
2024-01-17 09:38:29,281 P18488 INFO [Metrics] logloss: 0.684939 - AUC: 0.794187
2024-01-17 09:38:29,281 P18488 INFO Save best model: monitor(max): 0.109248
2024-01-17 09:38:29,283 P18488 INFO --- 449/449 batches finished ---
2024-01-17 09:38:29,653 P18488 INFO Train loss: 0.688731
2024-01-17 09:38:29,654 P18488 INFO ************ Epoch=1 end ************
2024-01-17 09:38:52,106 P18488 INFO [Metrics] logloss: 0.677841 - AUC: 0.804232
2024-01-17 09:38:52,106 P18488 INFO Save best model: monitor(max): 0.126391
2024-01-17 09:38:52,108 P18488 INFO --- 449/449 batches finished ---
2024-01-17 09:38:52,499 P18488 INFO Train loss: 0.679561
2024-01-17 09:38:52,499 P18488 INFO ************ Epoch=2 end ************
2024-01-17 09:39:15,228 P18488 INFO [Metrics] logloss: 0.670965 - AUC: 0.807800
2024-01-17 09:39:15,228 P18488 INFO Save best model: monitor(max): 0.136835
2024-01-17 09:39:15,230 P18488 INFO --- 449/449 batches finished ---
2024-01-17 09:39:15,596 P18488 INFO Train loss: 0.670957
2024-01-17 09:39:15,596 P18488 INFO ************ Epoch=3 end ************
2024-01-17 09:39:38,135 P18488 INFO [Metrics] logloss: 0.664305 - AUC: 0.810571
2024-01-17 09:39:38,135 P18488 INFO Save best model: monitor(max): 0.146266
2024-01-17 09:39:38,137 P18488 INFO --- 449/449 batches finished ---
2024-01-17 09:39:38,502 P18488 INFO Train loss: 0.662606
2024-01-17 09:39:38,502 P18488 INFO ************ Epoch=4 end ************
2024-01-17 09:40:00,900 P18488 INFO [Metrics] logloss: 0.657799 - AUC: 0.813594
2024-01-17 09:40:00,900 P18488 INFO Save best model: monitor(max): 0.155795
2024-01-17 09:40:00,902 P18488 INFO --- 449/449 batches finished ---
2024-01-17 09:40:01,264 P18488 INFO Train loss: 0.654499
2024-01-17 09:40:01,264 P18488 INFO ************ Epoch=5 end ************
