2024-03-15 21:58:37,401 P25236 INFO {
    "attention_dim": "20",
    "batch_size": "32",
    "data_block_size": "-1",
    "data_format": "csv",
    "data_root": "../../dataset/",
    "dataset_id": "DrugBank",
    "debug": "False",
    "dnn_activations": "LeakyReLU",
    "dnn_hidden_units": "[1024, 512, 512, 256]",
    "embedding_dim": "64",
    "embedding_regularizer": "0.11",
    "epochs": "100",
    "every_x_epochs": "1",
    "feature_cols": "[{'name': 'Drug_ID', 'active': True, 'dtype': 'str', 'type': 'categorical'}, {'name': 'Protein_ID', 'active': True, 'dtype': 'str', 'type': 'categorical'}, {'name': 'Drug_SMILES', 'active': True, 'dtype': 'str', 'type': 'categorical'}, {'name': 'Amino_acid_sequence', 'active': True, 'dtype': 'str', 'type': 'categorical'}]",
    "gpu": "0",
    "label_col": "{'name': 'interaction', 'dtype': 'float'}",
    "learning_rate": "0.0001",
    "loss": "binary_crossentropy",
    "metrics": "['logloss', 'AUC', 'ACC', 'Recall', 'Precision', 'AUPR']",
    "min_categr_count": "2",
    "model": "HOA",
    "model_id": "hoa_DrugBank",
    "model_root": "./checkpoints/",
    "monitor": "{'AUC': 1, 'logloss': -1}",
    "monitor_mode": "max",
    "net_dropout": "0.12",
    "net_regularizer": "0",
    "num_heads": "10",
    "optimizer": "Adamax",
    "patience": "2",
    "pickle_feature_encoder": "True",
    "reduction_ratio": "0.7",
    "save_best_only": "True",
    "seed": "2029",
    "shuffle": "True",
    "task": "binary_classification",
    "test_data": "./dataset/DTIs/DrugBank/DrugBank_testE1.csv",
    "train_data": "./dataset/DTIs/DrugBank/DrugBank_trainE1.csv",
    "use_hdf5": "True",
    "valid_data": "./dataset/DTIs/DrugBank/DrugBank_testE1.csv",
    "verbose": "1",
    "version": "pytorch",
    "workers": "12"
}
2024-03-15 21:58:37,402 P25236 INFO Set up feature encoder...
2024-03-15 21:58:37,402 P25236 INFO Load feature_map from json: ../../dataset/DrugBank\feature_map.json
2024-03-15 21:58:37,404 P25236 INFO Loading data...
2024-03-15 21:58:37,404 P25236 INFO Loading data from h5: ../../dataset/DrugBank\train.h5
2024-03-15 21:58:37,406 P25236 INFO Loading data from h5: ../../dataset/DrugBank\valid.h5
2024-03-15 21:58:37,406 P25236 INFO Train samples: total/28017, pos/13987, neg/14030, ratio/49.92%, blocks/1
2024-03-15 21:58:37,406 P25236 INFO Validation samples: total/7005, pos/3524, neg/3481, ratio/50.31%, blocks/1
2024-03-15 21:58:37,407 P25236 INFO Loading train data done.
2024-03-15 21:58:37,438 P25236 INFO Total number of parameters: 4156354.
2024-03-15 21:58:37,438 P25236 INFO Start training: 876 batches/epoch
2024-03-15 21:58:37,438 P25236 INFO ************ Epoch=1 start ************
2024-03-15 21:59:53,935 P25236 INFO [Metrics] logloss: 0.457854 - ACC: 0.795289 - Precision: 0.866924 - Recall: 0.700624 - AUC: 0.886977 - AUPR: 0.859078
2024-03-15 21:59:53,936 P25236 INFO Save best model: monitor(max): 0.429123
2024-03-15 21:59:53,949 P25236 INFO --- 876/876 batches finished ---
2024-03-15 21:59:54,293 P25236 INFO Train loss: 0.561348
2024-03-15 21:59:54,294 P25236 INFO ************ Epoch=1 end ************
2024-03-15 22:01:12,318 P25236 INFO [Metrics] logloss: 0.462784 - ACC: 0.797573 - Precision: 0.811908 - Recall: 0.777809 - AUC: 0.892430 - AUPR: 0.850747
2024-03-15 22:01:12,318 P25236 INFO Save best model: monitor(max): 0.429646
2024-03-15 22:01:12,402 P25236 INFO --- 876/876 batches finished ---
2024-03-15 22:01:12,763 P25236 INFO Train loss: 0.424273
2024-03-15 22:01:12,763 P25236 INFO ************ Epoch=2 end ************
2024-03-15 22:02:27,649 P25236 INFO [Metrics] logloss: 0.459127 - ACC: 0.800286 - Precision: 0.820900 - Recall: 0.771283 - AUC: 0.892965 - AUPR: 0.853622
2024-03-15 22:02:27,649 P25236 INFO Save best model: monitor(max): 0.433839
2024-03-15 22:02:27,662 P25236 INFO --- 876/876 batches finished ---
2024-03-15 22:02:27,997 P25236 INFO Train loss: 0.390713
2024-03-15 22:02:27,997 P25236 INFO ************ Epoch=3 end ************
2024-03-15 22:03:39,792 P25236 INFO [Metrics] logloss: 0.479418 - ACC: 0.794861 - Precision: 0.791888 - Recall: 0.803348 - AUC: 0.890900 - AUPR: 0.847083
2024-03-15 22:03:39,793 P25236 INFO Monitor(max) STOP: 0.411482 !
2024-03-15 22:03:39,793 P25236 INFO Reduce learning rate on plateau: 0.000010
2024-03-15 22:03:39,793 P25236 INFO --- 876/876 batches finished ---
2024-03-15 22:03:40,100 P25236 INFO Train loss: 0.370948
2024-03-15 22:03:40,100 P25236 INFO ************ Epoch=4 end ************
2024-03-15 22:04:57,226 P25236 INFO [Metrics] logloss: 0.496906 - ACC: 0.795860 - Precision: 0.790188 - Recall: 0.809024 - AUC: 0.890294 - AUPR: 0.847643
2024-03-15 22:04:57,226 P25236 INFO Monitor(max) STOP: 0.393387 !
2024-03-15 22:04:57,226 P25236 INFO Reduce learning rate on plateau: 0.000001
2024-03-15 22:04:57,226 P25236 INFO Early stopping at epoch=5
2024-03-15 22:04:57,226 P25236 INFO --- 876/876 batches finished ---
2024-03-15 22:04:57,591 P25236 INFO Train loss: 0.317553
2024-03-15 22:04:57,591 P25236 INFO Training finished.
2024-03-15 22:04:57,591 P25236 INFO Load best model: D:\MyProjects\PHCDTI\FuxiCTR\checkpoints\DrugBank\hoa_DrugBank.model
2024-03-15 22:04:57,603 P25236 INFO ****** Validation evaluation ******
2024-03-15 22:05:03,004 P25236 INFO [Metrics] logloss: 0.459127 - ACC: 0.800286 - Precision: 0.820900 - Recall: 0.771283 - AUC: 0.892965 - AUPR: 0.853622
2024-03-15 22:05:03,004 P25236 INFO ******** Test evaluation ********
2024-03-15 22:05:03,004 P25236 INFO Loading data...
2024-03-15 22:05:03,005 P25236 INFO Loading data from h5: ../../dataset/DrugBank\test.h5
2024-03-15 22:05:03,006 P25236 INFO Test samples: total/7005, pos/3524, neg/3481, ratio/50.31%, blocks/1
2024-03-15 22:05:03,006 P25236 INFO Loading test data done.
2024-03-15 22:05:08,293 P25236 INFO [Metrics] logloss: 0.459127 - ACC: 0.800286 - Precision: 0.820900 - Recall: 0.771283 - AUC: 0.892965 - AUPR: 0.853622
