2024-01-17 13:46:34,734 P10328 INFO {
    "batch_size": "32",
    "data_block_size": "-1",
    "data_format": "csv",
    "data_root": "../../dataset/",
    "dataset_id": "DrugBank",
    "debug": "False",
    "debug_mode": "False",
    "dnn_activations": "LeakyReLU",
    "dnn_hidden_units": "[1024, 512, 512]",
    "early_stop_patience": "3",
    "embedding_dim": "32",
    "epochs": "100",
    "eval_steps": "None",
    "every_x_epochs": "1",
    "feature_cols": "[{'name': 'Drug_ID', 'active': True, 'dtype': 'str', 'type': 'categorical'}, {'name': 'Protein_ID', 'active': True, 'dtype': 'str', 'type': 'categorical'}, {'name': 'Drug_SMILES', 'active': True, 'dtype': 'str', 'type': 'categorical'}, {'name': 'Amino_acid_sequence', 'active': True, 'dtype': 'str', 'type': 'categorical'}]",
    "feature_config": "None",
    "feature_specs": "None",
    "gpu": "0",
    "group_id": "None",
    "label_col": "{'name': 'interaction', 'dtype': 'float'}",
    "learning_rate": "8e-05",
    "loss": "binary_crossentropy",
    "metrics": "['logloss', 'AUC']",
    "min_categr_count": "2",
    "model": "xDeepFM",
    "model_id": "xdeepfm_DrugBank",
    "model_root": "./checkpoints/",
    "monitor": "{'AUC': 1, 'logloss': -1}",
    "monitor_mode": "max",
    "net_dropout": "0.12",
    "net_regularizer": "0",
    "num_workers": "3",
    "optimizer": "Adamax",
    "patience": "3",
    "pickle_feature_encoder": "True",
    "save_best_only": "True",
    "seed": "2024",
    "shuffle": "True",
    "task": "binary_classification",
    "test_data": "./dataset/DTIs/DrugBank/test_data.csv",
    "train_data": "./dataset/DTIs/DrugBank/train_data.csv",
    "use_features": "None",
    "use_hdf5": "True",
    "valid_data": "./dataset/DTIs/DrugBank/validation_data.csv",
    "verbose": "1",
    "version": "pytorch",
    "workers": "12"
}
2024-01-17 13:46:34,736 P10328 INFO Set up feature encoder...
2024-01-17 13:46:34,736 P10328 INFO Load feature_map from json: ../../dataset/DrugBank\feature_map.json
2024-01-17 13:46:34,736 P10328 INFO Loading data...
2024-01-17 13:46:34,737 P10328 INFO Loading data from h5: ../../dataset/DrugBank\train.h5
2024-01-17 13:46:34,739 P10328 INFO Loading data from h5: ../../dataset/DrugBank\valid.h5
2024-01-17 13:46:34,740 P10328 INFO Train samples: total/22414, pos/11210, neg/11204, ratio/50.01%, blocks/1
2024-01-17 13:46:34,740 P10328 INFO Validation samples: total/5547, pos/2782, neg/2765, ratio/50.15%, blocks/1
2024-01-17 13:46:34,740 P10328 INFO Loading train data done.
2024-01-17 13:46:34,753 P10328 INFO Total number of parameters: 1550222.
2024-01-17 13:46:34,753 P10328 INFO Start training: 701 batches/epoch
2024-01-17 13:46:34,753 P10328 INFO ************ Epoch=1 start ************
